# Bundle file v0.3
5 249
2.9098546729e+03 3.3888864589e-02 3.8105948477e-02
9.9999918229e-01 -5.5227731426e-04 -1.1534295423e-03
5.4446950440e-04 9.9997701223e-01 -6.7585918115e-03
1.1571356444e-03 6.7579582778e-03 9.9997649524e-01
-5.4019140210e-03 -3.1942045331e-02 2.8970229064e-02
2.9219455016e+03 8.3223438756e-02 -1.2075349769e-01
9.9281017844e-01 -2.8905753595e-02 1.1615682070e-01
3.2215568853e-02 9.9912375935e-01 -2.6718357513e-02
-1.1528272511e-01 3.0268315345e-02 9.9287145310e-01
1.0528849195e+00 -9.0621285889e-02 -3.1805886652e-02
2.9168545915e+03 7.3191279695e-02 -8.6334835416e-02
9.9918646757e-01 -8.8174989732e-04 4.0319046917e-02
1.7987430037e-03 9.9974041281e-01 -2.2712805278e-02
-4.0288553595e-02 2.2766851278e-02 9.9892867760e-01
4.2297933419e-01 -2.8883452991e-01 -1.7343734032e-01
2.9719016777e+03 3.0482367936e-02 6.2843454756e-02
9.9269185467e-01 -7.7263283283e-02 9.2699874490e-02
7.6905314429e-02 9.9701069340e-01 7.4330243629e-03
-9.2997066011e-02 -2.4958974540e-04 9.9566635145e-01
4.5733170130e-01 5.7279664750e-01 1.5430463742e-01
2.9382119146e+03 9.0133523879e-02 -1.8735399816e-01
9.9433868693e-01 2.0385908633e-02 -1.0428322202e-01
-1.7121438453e-02 9.9933787757e-01 3.2103937438e-02
1.0486864169e-01 -3.0136708230e-02 9.9402934907e-01
-8.7687704358e-02 -3.4731143507e-02 -6.9138204612e-02
-4.6230648287e-01 1.2211536496e-02 -4.5215245585e+00
182 174 163
2 0 14 -299.7100 6.1500 1 20 44.7400 18.6801
-5.7298259691e-01 9.8514398497e-01 -5.3364010765e+00
231 218 186
4 0 28 -314.4800 544.3401 1 31 -91.9399 568.5601 2 31 -196.9000 435.4299 4 18 -42.8700 426.9900
-4.2545840770e-01 1.5265792156e+00 -5.1364001136e+00
247 233 220
4 0 32 -243.7100 877.1099 1 32 -6.2700 910.6699 2 32 -117.5000 753.8500 4 20 31.4900 747.1799
-2.4108535141e-01 5.0516294531e-01 -4.1895638005e+00
205 194 164
4 0 37 -170.0900 351.1200 1 39 220.9399 366.5100 2 38 8.2800 209.3301 3 30 -155.8199 764.8201
-3.6291071215e-01 5.1023172933e-01 -4.1809665974e+00
201 188 155
5 0 38 -254.7900 355.1899 1 40 137.4600 368.5400 2 50 -75.2800 213.6300 4 38 -2.9399 239.7400 3 31 -245.7100 764.8700
-4.1384381199e-01 1.2889314672e+00 -5.2402995325e+00
158 146 130
3 0 42 -227.8199 721.8800 1 43 -1.9399 754.7700 3 24 -324.7800 1065.0601
-7.8015587387e-01 -1.0092444376e+00 -3.8729003633e+00
189 177 169
3 0 53 -592.4399 -770.4800 1 56 -109.7400 -785.2300 2 53 -372.1400 -881.9099
-4.5997644199e-01 1.0051393882e+00 -5.2944438594e+00
231 218 186
4 0 70 -255.0200 558.3201 1 66 -26.5800 586.1300 2 61 -135.8800 450.6300 4 55 15.4100 439.5500
7.7312369922e-02 -7.3114320721e-01 -4.6816221061e+00
98 90 79
4 0 86 49.0400 -457.9600 1 83 376.7700 -431.7600 4 64 290.7200 -576.7000 3 75 103.3400 -120.6600
-8.1276913557e-01 -6.9488824229e-01 -4.6794658147e+00
111 102 95
3 0 89 -508.3199 -435.5500 1 81 -176.4700 -436.4200 4 68 -260.3300 -533.0000
1.4180689752e+00 -4.7631191284e-01 -4.5446211233e+00
229 219 207
5 0 92 917.8999 -308.5200 1 117 1218.6001 -249.1500 2 117 1019.5901 -405.5200 4 70 1198.2600 -456.7100 3 82 980.6799 113.8900
-5.2472197102e-01 1.3266622258e+00 -5.1554986325e+00
181 176 157
4 0 112 -299.3500 758.3201 1 101 -60.9100 788.1899 4 133 -24.9700 633.1500 3 98 -390.7800 1101.4600
1.4855808775e+00 -4.9723693588e-01 -4.5011143204e+00
224 214 202
5 0 134 970.1399 -325.2100 1 116 1274.2400 -265.1801 2 116 1071.7700 -422.1600 4 69 1256.4199 -476.5100 3 124 1037.6399 105.4301
8.4444465269e-01 -3.0843005632e-01 -4.9068898227e+00
225 218 210
2 0 143 504.4900 -183.2300 1 119 779.9500 -140.9301
4.5702781317e-02 5.8118514211e-01 -4.0342727692e+00
200 183 153
2 0 163 32.4800 419.5400 1 186 446.4700 436.6400
-6.9828691166e-01 1.1599328487e+00 -5.2527125311e+00
137 129 118
5 0 166 -389.8800 650.3000 1 135 -162.5300 678.1799 2 195 -265.9500 538.9800 4 130 -115.1899 528.2900 3 95 -484.4100 975.8101
6.1404811302e-02 -7.1279540704e-01 -4.7112040699e+00
49 43 31
4 0 184 38.4399 -441.5699 1 233 362.4200 -419.5699 2 235 176.5500 -533.7400 3 252 89.7300 -109.4600
1.4361613527e+00 -4.5528028455e-01 -4.5408369090e+00
210 200 190
5 0 199 928.4299 -294.3600 1 170 1229.7200 -237.0100 2 170 1030.9800 -392.9500 4 159 1213.5100 -443.4200 3 182 993.8401 129.3500
1.3204788454e+00 -4.2634394239e-01 -4.6078999709e+00
190 182 171
3 0 202 841.2400 -271.6400 1 173 1138.5400 -216.9500 4 163 1119.8501 -416.6400
1.3212293332e+00 -4.2680057676e-01 -4.6103452207e+00
190 182 171
4 0 203 841.2400 -271.6400 1 174 1138.5400 -216.9500 4 164 1119.8501 -416.6400 3 129 898.9199 139.9900
-5.4845259089e-01 9.1180922203e-01 -5.2870757204e+00
234 220 191
3 0 229 -304.0000 506.9199 1 189 -74.6100 531.9600 4 187 -34.4500 391.3900
-4.2017049302e-01 1.4442773848e+00 -5.0434746372e+00
196 175 134
5 0 232 -245.2400 843.8501 1 141 4.7500 875.9399 2 201 -114.3101 720.2100 4 135 28.6200 715.1899 3 153 -334.1899 1204.7600
-4.9710394803e-01 1.4652705419e+00 -5.0827386988e+00
204 186 140
4 0 233 -287.8900 849.7400 1 190 -43.3600 882.2800 2 202 -157.9900 727.2500 4 189 -12.3900 721.3600
-5.6902933104e-01 1.4837702280e+00 -5.1370232193e+00
192 174 135
5 0 234 -325.7000 851.3901 1 191 -89.1600 885.5601 2 144 -197.8700 730.8101 4 136 -48.5800 722.0300 3 152 -426.3101 1202.6799
-8.0618786008e-01 -1.0037819102e+00 -3.8907425285e+00
67 57 45
4 0 241 -609.5800 -761.8400 1 339 -130.2400 -778.6899 2 312 -390.1100 -873.7900 3 234 -511.6000 -424.6000
8.8783718177e-01 -2.9520956355e-01 -4.8797659952e+00
199 190 181
4 0 276 533.9299 -176.3600 1 259 810.6599 -133.2800 2 254 640.5400 -271.4100 4 217 796.1101 -307.8700
8.5988192195e-01 -2.8932738750e-01 -4.8860549972e+00
193 182 179
4 0 277 515.9299 -172.4000 1 260 793.1499 -130.6500 2 255 623.7100 -267.5800 4 218 778.2600 -303.2100
-5.6693900672e-01 8.9358302045e-01 -5.3002909298e+00
216 203 171
4 0 313 -313.4000 495.8800 1 296 -85.1500 521.2100 2 289 -193.0800 389.9700 4 364 -43.7400 379.0200
-4.2293284622e-01 1.0611148890e+00 -5.3615692693e+00
213 185 163
3 0 320 -232.0100 582.9199 1 299 -11.4399 611.4199 3 322 -313.2900 903.2500
-4.2421618175e-01 1.0595159549e+00 -5.3513920539e+00
213 185 163
3 0 321 -232.0100 582.9199 1 300 -11.4399 611.4199 4 252 37.3101 463.0400
-5.8193028973e-01 1.1727169101e+00 -5.2413945771e+00
150 141 136
5 0 323 -326.0300 658.7400 1 455 -95.7700 687.5500 2 421 -201.9800 547.0200 4 253 -53.4399 536.6899 3 326 -414.9700 987.9800
-4.5199891445e-01 1.3993716133e+00 -5.0816465265e+00
54 47 55
5 0 326 -261.7200 811.2700 1 305 -15.5699 842.9299 2 299 -132.2900 689.7300 4 257 12.0900 684.2900 3 229 -351.1000 1165.9800
-4.5199891445e-01 1.3993716133e+00 -5.0816465265e+00
54 47 55
5 0 327 -261.7200 811.2700 1 306 -15.5699 842.9299 2 300 -132.2900 689.7300 4 258 12.0900 684.2900 3 230 -351.1000 1165.9800
-4.7963560569e-01 1.4070169160e+00 -5.0985538669e+00
57 49 57
5 0 328 -276.9700 813.1400 1 307 -32.9800 844.9099 2 301 -147.8400 692.3000 4 259 -2.4000 685.9000 3 334 -368.0000 1165.8799
-4.7963560569e-01 1.4070169160e+00 -5.0985538669e+00
57 49 57
5 0 329 -276.9700 813.1400 1 308 -32.9800 844.9099 2 302 -147.8400 692.3000 4 260 -2.4000 685.9000 3 335 -368.0000 1165.8799
-5.3998776439e-01 1.4318704556e+00 -5.1136269007e+00
213 195 149
5 0 332 -309.9700 825.3301 1 309 -69.8700 857.3201 2 429 -182.5100 704.2100 4 382 -34.5699 697.2600 3 339 -406.3700 1177.0601
-2.0100266725e+00 -5.4169884185e-01 -3.8904455597e+00
252 233 219
2 0 370 -1532.4600 -416.6300 1 230 -1106.6799 -476.9600
1.8042474505e+00 -5.4510068956e-01 -4.3141487732e+00
232 220 206
2 0 379 1234.4500 -374.0500 1 387 1539.2300 -301.5400
-3.5605323077e-01 1.0392015628e+00 -5.3175917271e+00
219 203 178
5 0 471 -196.7300 574.9900 1 448 28.9600 604.0801 2 418 -79.9700 466.9700 4 367 72.6300 455.5601 3 428 -273.2200 900.2900
-5.1152315890e-01 1.0831284500e+00 -5.4094427565e+00
207 172 145
4 0 475 -276.8700 589.5000 1 450 -63.1300 618.6899 2 420 -162.6801 483.9800 4 370 -5.6899 469.7200
-5.4199228396e-01 1.3739213411e+00 -5.1370914691e+00
206 187 144
3 0 479 -309.8199 787.6500 1 459 -70.5300 819.1799 2 425 -183.4100 669.6799
-4.1793596462e-01 1.3807087770e+00 -5.0636962303e+00
185 165 126
4 0 480 -242.6600 803.2200 1 772 5.7900 834.4399 2 426 -113.1700 680.7800 3 436 -329.2400 1159.6799
-4.6576139600e-01 1.3883631416e+00 -5.0968922245e+00
197 178 140
5 0 481 -268.9000 802.7700 1 461 -24.1300 834.5500 2 427 -139.2300 681.5500 4 377 4.9800 675.4199 3 332 -359.5500 1154.6699
-1.2455314731e+00 1.2198250721e+00 -4.3159063889e+00
240 224 211
3 0 486 -853.2400 832.8999 1 467 -513.0300 856.5701 2 428 -663.8800 683.7900
-4.2566005496e-01 1.4636634041e+00 -5.0405125044e+00
248 228 203
3 0 490 -248.9700 855.8999 1 471 1.1801 888.0300 2 430 -116.9100 731.3800
8.8256158030e-02 -7.3340144308e-01 -4.6634616429e+00
167 160 144
4 0 519 55.7200 -460.9100 1 624 387.1100 -434.6600 2 509 195.2300 -551.9900 4 408 297.4700 -579.7500
6.6845429425e-02 -7.3230059604e-01 -4.6594152148e+00
165 157 146
4 0 520 42.2600 -460.5601 1 1089 374.6100 -434.8300 2 859 182.6100 -551.9900 4 409 283.8900 -579.1600
6.7084558981e-02 -7.2299456921e-01 -4.6913933006e+00
168 160 149
4 0 526 42.1000 -452.2200 1 1102 369.8900 -425.2200 2 871 180.6300 -541.9900 4 542 284.3101 -569.9000
9.9227603439e-01 -6.8571731533e-01 -4.9114654435e+00
189 177 160
3 0 545 592.5701 -408.7100 1 1159 867.9800 -357.1300 2 924 695.1399 -491.5900
4.9745417182e-01 -6.7285933357e-01 -4.9036989911e+00
186 180 159
4 0 547 297.7000 -401.5699 1 643 586.9900 -363.1700 2 528 414.0900 -486.4600 3 465 341.8101 -59.2300
4.9747372768e-01 -6.7274143100e-01 -4.9038266414e+00
186 180 159
5 0 548 297.7000 -401.5699 1 644 586.9900 -363.1700 2 529 414.0900 -486.4600 4 426 548.4800 -528.9700 3 466 341.8101 -59.2300
1.7934938395e+00 -5.6053992921e-01 -4.3268651958e+00
232 218 209
4 0 557 1223.8799 -383.7300 1 655 1526.7900 -310.3700 2 530 1316.7800 -482.5601 4 421 1520.7200 -544.2700
1.4794717145e+00 -4.7352809160e-01 -4.5108735128e+00
188 176 164
5 0 580 964.2700 -309.1600 1 1246 1266.0100 -249.0400 2 984 1065.5601 -406.9399 4 439 1249.4399 -459.5699 3 515 1030.7500 120.8400
-5.5106232265e-01 1.2790619137e+00 -5.2242382209e+00
200 185 166
2 0 688 -310.0000 721.1100 1 761 -79.2100 751.3700
-5.0025484284e-01 1.3241678148e+00 -5.1489586225e+00
185 171 143
3 0 691 -285.4800 757.6899 1 769 -46.6400 788.1600 2 657 -158.9900 639.4000
-5.1863908681e-01 1.3674457273e+00 -5.1235421958e+00
215 196 154
4 0 693 -297.7900 786.0500 1 771 -56.5601 817.2100 2 662 -169.3700 667.3101 4 517 -23.1600 660.1200
-4.9857794774e-01 1.4554289636e+00 -5.0882493566e+00
183 168 140
4 0 696 -288.2100 843.4299 1 777 -44.4000 875.8701 2 1162 -158.3800 720.3500 3 740 -382.9399 1198.1799
8.8677531753e-02 -7.2414718534e-01 -4.6901403298e+00
162 154 137
4 0 746 55.6500 -452.9600 1 1101 383.1200 -425.5500 2 869 193.8300 -542.8500 4 541 297.7900 -571.2000
1.4890110441e+00 -4.8628367395e-01 -4.5112992960e+00
233 221 209
3 0 797 970.5200 -317.4301 1 1238 1271.5500 -256.5601 2 979 1072.1101 -415.2300
1.4812936530e+00 -4.8485102101e-01 -4.5166421893e+00
230 218 206
4 0 799 964.5601 -315.8300 1 1242 1265.2200 -255.5400 4 438 1249.3101 -467.1600 3 513 1030.5300 113.3500
1.4694072946e+00 -4.7265184506e-01 -4.5152095631e+00
229 217 205
4 0 803 957.2800 -308.5000 1 1248 1258.3999 -248.1300 2 985 1058.4700 -406.4399 3 653 1022.5300 120.8600
1.4650957115e+00 -4.6285334977e-01 -4.5132263594e+00
196 184 172
5 0 807 954.4900 -301.8900 1 1254 1256.5200 -242.4700 2 990 1055.9099 -400.2900 4 441 1238.8601 -451.8300 3 658 1020.0500 127.1801
1.4552220688e+00 -4.5977942223e-01 -4.5146050872e+00
227 215 203
2 0 810 947.9299 -300.1600 1 1255 1250.0500 -240.4200
1.3879618978e+00 -4.3539610871e-01 -4.5743319076e+00
198 188 179
2 0 828 891.8301 -279.7600 1 1265 1189.4800 -223.2900
7.4133830000e-01 -2.7641842474e-01 -4.9636032054e+00
229 220 213
2 0 869 437.7200 -162.2100 1 686 708.7800 -121.8500
1.4400055674e+00 5.1590081788e-01 -4.1994725546e+00
255 249 234
2 0 927 1010.7000 360.6200 1 2301 1346.0901 396.3900
1.1435681942e+00 5.5850738216e-01 -4.3152186033e+00
234 220 191
3 0 929 778.8999 379.3900 1 736 1112.7000 413.2800 2 628 904.9900 239.6300
-4.5172627982e-01 1.0676250157e+00 -5.3761359126e+00
207 177 151
3 0 956 -246.5699 584.6100 1 756 -28.3400 613.5300 2 1141 -130.5200 477.9399
-5.0122071207e-01 1.4169846981e+00 -5.1060254894e+00
158 138 103
3 0 1273 -288.9800 818.1400 1 2418 -46.4399 849.1499 2 1896 -159.6200 697.1100
-4.5193853065e-01 1.4145026078e+00 -5.0818036389e+00
190 171 129
3 0 1274 -261.8500 820.0800 1 1451 -16.1400 852.2000 2 1897 -131.9000 697.9600
-5.0847881781e-01 1.4528576694e+00 -5.1024856923e+00
215 203 179
2 0 1282 -293.3500 839.2300 1 1460 -51.0100 871.5500
1.4495547165e+00 5.0497716194e-01 -4.1962506006e+00
232 219 194
2 0 2019 1018.2300 353.2000 1 17485 1353.6201 389.3201
-4.9887526099e-01 9.9510465102e-01 -5.3000947010e+00
229 215 187
3 0 10545 -276.5000 552.5300 1 4287 -48.9399 579.1300 2 1134 -155.7300 445.2200
-1.6341671868e-01 5.4652330052e-03 -4.2781552882e+00
172 163 154
3 0 20 -114.0000 0.9600 2 22 58.2800 -121.1200 4 11 133.6200 -111.6899
4.7834371808e-02 -1.0406236460e+00 -3.8682011265e+00
191 178 170
3 0 50 35.9600 -794.0400 2 65 228.3900 -896.1599 4 41 260.8300 -915.9900
-7.7821353018e-01 -1.0048393243e+00 -3.8579392612e+00
189 177 169
3 0 52 -592.4399 -770.4800 2 52 -372.1400 -881.9099 4 61 -359.4500 -859.7500
1.3202326121e+00 1.7952525395e-01 -4.1091078797e+00
217 203 168
4 0 66 943.9399 127.1600 2 59 1071.4199 -9.5601 4 54 1223.8000 -7.3700 3 62 1012.0901 605.5000
-3.8173794787e-01 1.2775656796e+00 -5.1839313654e+00
164 151 135
3 0 72 -216.5200 725.4200 2 96 -92.3900 610.3800 4 56 54.8300 601.2400
-3.8173794787e-01 1.2775656796e+00 -5.1839313654e+00
164 151 135
3 0 73 -216.5200 725.4200 2 97 -92.3900 610.3800 4 57 54.8300 601.2400
1.9264251106e+00 -3.2548660476e-01 -3.8538921450e+00
124 108 82
2 0 94 1482.0601 -253.7500 2 81 1578.6499 -377.2400
-7.0335183244e-01 1.2010953708e+00 -5.2751100454e+00
249 241 225
2 0 111 -391.3700 671.1899 2 95 -268.3800 559.2100
2.2574923999e-02 -1.0617286991e+00 -3.8751423534e+00
53 40 31
3 0 116 17.1600 -808.6200 2 102 208.9700 -910.6201 3 103 162.5900 -411.3199
-5.9114994683e-01 1.2433123546e+00 -5.1927394374e+00
145 135 125
3 0 167 -334.5800 705.0601 2 196 -208.2100 590.7900 4 131 -60.2800 580.9500
1.8506580756e+00 -6.0301716080e-01 -4.2763003181e+00
236 219 211
2 0 187 1278.4099 -417.9500 2 164 1368.5300 -515.6100
1.8475273604e+00 -6.0172693005e-01 -4.2699541357e+00
236 219 211
3 0 188 1278.4099 -417.9500 2 165 1368.5300 -515.6100 3 271 1364.0100 58.6801
1.9181970369e+00 -3.1647296662e-01 -3.8348980447e+00
125 111 82
2 0 204 1483.0000 -248.2900 2 172 1580.8999 -372.7000
1.7304422683e+00 -5.5946146285e-01 -4.3883779858e+00
235 225 216
2 0 261 1162.5200 -377.1300 2 351 1256.4700 -473.6400
2.6787720572e-01 -1.2126365610e-01 -5.2538486892e+00
166 158 145
2 0 283 149.5100 -65.6100 2 391 257.3000 -155.7400
-5.8544959497e-01 1.2752338350e+00 -5.2140573478e+00
223 208 186
3 0 325 -330.5699 719.7500 2 197 -204.7100 606.2900 4 254 -54.8600 596.4800
7.2516722750e-02 -1.0374289300e+00 -3.8913561833e+00
71 57 53
3 0 335 54.3900 -787.0900 2 310 244.0500 -888.1599 4 268 280.0000 -909.2500
-5.1892228911e-01 1.4215555768e+00 -5.0851186897e+00
209 190 151
2 0 485 -300.1801 823.8600 2 666 -170.2000 702.0601
-4.4017158027e-01 1.4335581850e+00 -5.0483774464e+00
222 207 188
4 0 487 -256.7500 836.8999 2 667 -125.4600 713.2200 4 384 17.2600 708.7800 3 439 -346.0400 1195.9500
-3.3195788361e-01 1.4790984023e+00 -5.1294268585e+00
210 185 163
2 0 489 -190.4900 849.7800 2 670 -65.2400 728.4200
5.6964143106e-02 -7.3725962693e-01 -4.6877877262e+00
45 37 26
2 0 521 35.9900 -460.2500 2 510 174.7400 -551.8400
7.7566682087e-02 -7.3114433109e-01 -4.6931361549e+00
93 85 73
3 0 524 48.5100 -456.1600 2 512 187.1801 -546.5100 4 410 290.7400 -575.7900
7.7566682087e-02 -7.3114433109e-01 -4.6931361549e+00
93 85 73
3 0 525 48.5100 -456.1600 2 513 187.1801 -546.5100 4 411 290.7400 -575.7900
1.9690099049e+00 -6.3219877886e-01 -4.2651421128e+00
236 222 211
2 0 531 1366.0901 -439.2700 2 516 1448.4199 -536.4000
1.7832741689e+00 -5.5627823095e-01 -4.3280755857e+00
230 216 205
2 0 560 1215.9399 -380.3199 2 531 1308.3999 -479.1801
1.4486012478e+00 -4.6688185839e-01 -4.5159301848e+00
199 189 174
3 0 581 943.5200 -304.7400 2 552 1045.3999 -402.4200 4 307 1226.0500 -453.5000
1.3587795449e+00 -4.5405328095e-01 -4.5656506479e+00
233 223 211
4 0 584 874.5701 -292.1899 2 555 980.6299 -389.6000 4 443 1151.7800 -438.1801 3 518 936.0901 124.5300
1.3840856669e+00 -4.2561089316e-01 -4.5956047447e+00
231 222 207
2 0 587 885.3401 -271.9200 2 558 986.6299 -370.1400
2.4701920784e-01 -1.3863258000e-01 -5.2614351525e+00
151 142 132
3 0 612 137.5400 -75.0400 2 597 245.5900 -164.9000 4 483 393.3900 -193.5300
2.3886232692e-01 -1.1493436580e-01 -5.2397381336e+00
149 141 130
3 0 614 133.6200 -62.4900 2 601 242.7600 -152.8800 4 484 389.1500 -180.4200
-5.0897302722e-01 9.9032295077e-01 -5.3245400245e+00
163 148 126
2 0 675 -280.5500 547.4199 2 645 -161.2700 440.7300
-2.4874102045e-01 1.0109646111e+00 -5.2657738595e+00
252 240 216
2 0 676 -138.6300 565.0400 2 646 -20.8600 455.1899
-5.1463273248e-01 1.3243374070e+00 -5.1575208509e+00
213 204 188
4 0 690 -293.4500 756.3101 2 659 -166.6400 639.2500 4 372 -19.5500 630.9099 3 434 -383.9700 1100.0801
5.1838174035e-02 -1.0422410631e+00 -3.8722149624e+00
129 116 110
3 0 711 39.3300 -794.7700 2 1197 230.7500 -896.5500 4 524 263.7600 -916.0100
5.1838174035e-02 -1.0422410631e+00 -3.8722149624e+00
129 116 110
3 0 712 39.3300 -794.7700 2 1198 230.7500 -896.5500 4 525 263.7600 -916.0100
-8.2283031217e-01 -6.9637747126e-01 -4.6707252447e+00
180 172 161
2 0 753 -516.0900 -437.6200 2 885 -356.0800 -534.1100
-8.2251439541e-01 -6.8591047108e-01 -4.6963879887e+00
167 159 148
2 0 759 -513.0300 -428.5699 2 891 -354.6200 -524.5900
1.4981590924e+00 -4.7321947578e-01 -4.4733935470e+00
226 216 204
2 0 801 985.2500 -311.9200 2 981 1086.9199 -410.6600
1.4687467673e+00 -4.7262275794e-01 -4.5134000397e+00
229 217 205
3 0 804 957.2800 -308.5000 2 986 1058.4700 -406.4399 3 655 1022.5300 120.8600
-2.6556782005e-01 1.0112519391e+00 -5.2758487434e+00
207 193 166
2 0 1228 -147.6801 564.2000 2 1844 -30.1600 454.6100
-5.0057513316e-01 1.4152467273e+00 -5.0967879243e+00
158 138 103
2 0 1272 -288.9800 818.1400 2 1895 -159.6200 697.1100
-4.7638437296e-01 1.4456010997e+00 -5.0699720000e+00
183 172 151
2 0 1286 -276.5699 840.1599 2 1900 -146.2100 717.6300
4.7123267906e-02 -1.0303373291e+00 -3.8786035096e+00
138 126 114
2 0 1304 35.3000 -783.9500 2 1960 226.7800 -886.7100
-6.0137722899e-01 1.2200333005e+00 -5.1896727716e+00
202 193 184
2 0 2106 -340.3101 692.5701 2 22208 -214.3000 577.4500
-5.5041308868e-01 1.3745892277e+00 -5.1550381126e+00
206 186 149
2 0 2131 -313.9600 785.7100 2 4439 -186.8500 667.4399
-2.7633688471e-01 2.6663670395e-01 -4.2420744301e+00
39 40 42
2 1 0 193.6400 194.2300 2 0 -16.4000 49.5800
-6.6254200400e-01 1.2184570305e+00 -5.1997816895e+00
237 229 218
2 1 26 -141.0900 719.0900 2 25 -247.6300 576.0100
-5.7279452135e-01 1.1528043626e+00 -5.2780178297e+00
94 83 87
3 1 53 -91.9800 670.3600 2 42 -197.4000 533.5100 3 38 -407.4399 969.7300
-6.4262882423e-01 1.0650381654e+00 -5.3554377944e+00
144 129 98
2 1 68 -133.4000 613.7700 2 63 -232.6100 477.9700
-4.3101321367e-01 1.3331799430e+00 -5.0920584488e+00
203 184 142
3 1 102 -2.4200 801.2000 2 98 -120.4100 651.5200 3 67 -334.9500 1122.6299
1.3755892248e+00 -4.3834591630e-01 -4.5838723608e+00
217 204 195
3 1 118 1178.7000 -224.6000 4 103 1161.3601 -427.2400 3 127 942.0801 136.2500
-4.7672697477e-01 1.3086110882e+00 -5.1141714453e+00
227 219 201
2 1 139 -30.5300 783.5400 2 198 -145.9100 634.9199
-7.9628380905e-01 -1.0294039173e+00 -3.8804307890e+00
76 66 57
3 1 150 -122.1000 -800.4100 2 211 -383.6400 -894.7600 3 154 -502.3700 -445.0000
5.8594650480e-02 -1.0272943818e+00 -3.9179231147e+00
42 34 22
2 1 211 509.5000 -751.1100 2 146 231.4700 -875.0000
1.4854345140e+00 -4.5467655081e-01 -4.4986155463e+00
235 221 212
3 1 251 1273.8601 -237.6801 2 242 1072.2900 -396.6899 3 183 1037.0801 133.8300
-3.5841979227e-01 1.3015168947e+00 -5.2225794957e+00
164 151 139
2 1 303 30.2000 764.8201 2 297 -80.4000 618.6799
-4.4957570809e-01 1.3026473358e+00 -5.1094823966e+00
225 215 199
2 1 304 -14.3800 780.8201 2 298 -130.6500 631.7700
-4.0345748569e-01 1.4594604392e+00 -5.0193282314e+00
254 236 212
2 1 310 16.2300 889.0000 2 203 -104.8400 731.9200
1.0027895008e+00 -6.9483865121e-01 -4.9045278690e+00
75 64 51
2 1 380 875.6599 -363.0100 2 347 702.2400 -497.8400
1.1325141104e+00 -3.4965371361e-01 -4.7302495371e+00
236 226 214
2 1 396 990.7900 -167.7900 2 368 808.0601 -313.1400
-6.8967227126e-01 1.0852315393e+00 -5.3052066439e+00
173 161 139
2 1 451 -158.2300 630.0901 2 293 -259.2700 493.1799
-1.5681764517e+00 8.6157668089e-01 -3.9378502683e+00
241 228 212
2 1 453 -777.9000 650.4299 2 419 -952.5400 481.8800
-4.8765103664e-01 1.4482534453e+00 -5.0817389552e+00
223 211 186
2 1 470 -37.4000 872.1401 2 669 -152.4900 718.0000
-7.7621671370e-01 -1.0282079415e+00 -3.8670835140e+00
172 162 153
2 1 525 -105.8500 -800.6500 2 686 -370.0100 -897.5500
-7.7534378951e-01 -9.9632219474e-01 -3.8934538608e+00
195 186 171
3 1 536 -107.4399 -770.6899 2 447 -368.1400 -867.5100 3 454 -485.9200 -415.1200
-1.9900562178e+00 -9.2482599755e-01 -3.9486911963e+00
85 67 47
2 1 537 -1067.8201 -766.8300 2 455 -1255.0601 -821.0200
1.5833839758e+00 -8.6103454070e-01 -4.5503496237e+00
88 70 57
2 1 613 1319.0300 -483.9100 4 402 1311.8799 -721.1600
1.3412914153e+00 -4.3015217645e-01 -4.5902948570e+00
236 224 214
3 1 669 1157.1299 -220.2900 2 556 960.6101 -372.6600 4 448 1137.5601 -420.8000
1.1123270608e+00 -3.8101441511e-01 -4.7876829773e+00
239 230 220
2 1 671 963.5801 -182.8400 2 564 785.7800 -328.3600
1.4322777215e+00 1.0039624221e+00 -4.0620218786e+00
246 233 217
2 1 762 1392.4199 753.2800 2 1146 1167.8899 559.1899
-6.6470446854e-01 1.2938335450e+00 -5.2335546313e+00
255 248 238
2 1 764 -144.9600 758.5900 2 654 -248.2800 614.6799
-5.1430022464e-01 1.3221392786e+00 -5.1441653527e+00
222 216 193
2 1 768 -54.4500 787.5200 2 658 -166.6400 639.2500
-4.2144041734e-01 1.4509452208e+00 -5.0440642544e+00
179 160 127
2 1 778 3.9500 879.8799 2 1164 -115.0699 723.8300
-6.3046392871e-01 1.9655669156e+00 -4.9883680669e+00
222 209 200
2 1 791 -127.3800 1208.7500 2 678 -236.9100 1033.8301
-6.3046392871e-01 1.9655669156e+00 -4.9883680669e+00
222 209 200
2 1 792 -127.3800 1208.7500 2 679 -236.9100 1033.8301
-8.2148736074e-01 -6.6464658598e-01 -4.7298401865e+00
56 51 43
2 1 1111 -184.3199 -411.7100 2 905 -352.4500 -508.2600
1.5448680514e+00 -4.8761770302e-01 -4.4564233972e+00
235 223 209
2 1 1233 1325.0400 -260.3000 2 974 1120.3799 -421.2900
-3.0760704457e-02 9.4445942937e-01 -5.1329016301e+00
226 214 192
2 1 1404 229.4399 569.1599 2 1127 102.1200 427.2100
-4.5299293684e-01 1.4323687468e+00 -5.0817056585e+00
187 173 130
2 1 1452 -16.8199 862.6499 2 1898 -132.8600 708.6400
-6.4577056844e-01 1.7875466490e+00 -5.0670269575e+00
239 227 213
2 1 1483 -136.4000 1081.2500 2 1170 -243.3900 916.3201
-7.8371603390e-01 -1.0325513733e+00 -3.8713154389e+00
69 57 40
2 1 1535 -111.7100 -803.6801 2 1196 -375.2900 -899.5000
-7.6904845484e-01 -1.0213974995e+00 -3.8624408162e+00
106 95 88
2 1 1540 -100.2000 -796.1100 2 1199 -365.0400 -893.5901
1.3627227223e+00 -4.3747663315e-01 -4.5777813289e+00
234 221 212
2 1 2015 1173.4099 -225.1400 2 1537 977.8899 -378.3900
7.0371618045e-01 -2.4250596608e-01 -5.0080009814e+00
229 220 210
2 1 2143 677.8701 -100.9500 2 2524 519.0801 -234.4000
5.7232781651e-01 -2.0838375254e-01 -5.0700574214e+00
226 220 208
2 1 2167 592.2600 -82.3900 2 2571 438.8601 -211.7500
4.6195040173e-01 -1.7007790215e-01 -5.1201056160e+00
169 161 149
2 1 2187 521.8701 -61.6700 2 1737 373.0800 -187.9500
-6.7594681067e-01 9.6078875139e-01 -5.3620541888e+00
234 221 194
2 1 2331 -150.2800 553.7700 2 1125 -250.1700 421.9500
-6.8093477649e-01 1.1691227655e+00 -5.2485869031e+00
137 130 114
2 1 2369 -152.4900 684.0300 2 4374 -256.4900 544.6000
1.3737502207e+00 9.7540677090e-01 -4.1029045071e+00
224 208 193
2 1 2379 1337.0200 726.6600 2 1860 1115.4500 534.4099
-5.9840033030e-01 1.2496585849e+00 -5.1673630175e+00
181 171 161
2 1 2384 -103.1500 741.5900 2 1872 -212.9000 596.4099
-6.5836486028e-01 1.4097857293e+00 -5.2040256606e+00
163 154 137
2 1 2415 -142.2200 830.4800 2 1888 -245.9301 682.5601
-4.6948950661e-01 1.4400176490e+00 -5.0746710111e+00
227 214 199
2 1 2424 -26.2000 868.4299 2 1899 -142.2000 713.9299
6.8806125928e-02 -1.0383768504e+00 -3.9059654921e+00
120 107 87
2 1 2615 519.4800 -760.1200 2 4552 240.0100 -887.0400
7.8751759859e-02 -6.9851574403e-01 -4.7391946112e+00
185 176 168
2 1 2760 369.2100 -405.1600 2 4790 184.7300 -522.0400
1.4362368340e+00 -4.9478519813e-01 -4.5296732979e+00
237 225 211
2 1 2956 1234.0000 -262.3700 2 1494 1034.2400 -418.1100
1.4750442229e+00 -4.6567696824e-01 -4.5098633061e+00
229 215 204
3 1 2975 1263.5000 -244.4000 2 4955 1063.2200 -402.4100 3 951 1027.6599 125.9100
6.9197874854e-01 -2.5623564177e-01 -4.9861695584e+00
139 133 121
2 1 3217 676.0601 -110.7300 2 2504 514.9800 -242.5601
-4.4233793070e-01 1.0638846428e+00 -5.3488534826e+00
243 222 197
2 1 4302 -21.3600 613.7500 2 22142 -125.7900 478.1000
5.6278858403e-01 9.5772962375e-01 -4.6997491143e+00
253 245 234
2 1 4311 644.7900 628.2800 2 22127 478.1699 466.0500
-6.6240742414e-01 1.4021699838e+00 -5.2070755435e+00
229 220 204
2 1 4430 -144.6000 825.7300 2 4443 -248.0000 677.7900
-4.6618091812e-01 1.4016338703e+00 -5.0853823285e+00
235 223 200
2 1 4435 -24.2400 843.5801 2 4449 -140.2400 690.7800
-4.4770087652e-01 1.4383541047e+00 -5.0571272218e+00
178 169 153
2 1 4454 -12.2600 870.3301 2 22303 -129.8800 714.9299
4.8997334714e-01 -6.7359537817e-01 -4.9099804894e+00
94 82 66
2 1 4953 582.0100 -363.2000 2 4835 409.2800 -486.2400
4.8383898841e-01 -6.7030263911e-01 -4.9184850948e+00
68 56 41
2 1 4957 576.8401 -360.5601 2 4839 404.9301 -483.5699
1.4268098839e+00 -4.8668800890e-01 -4.5312403882e+00
212 200 186
2 1 5080 1227.7500 -257.5900 2 4939 1028.0400 -412.8101
-5.6064411379e-01 8.9574119467e-01 -5.2797765337e+00
240 226 197
2 1 19397 -80.6801 523.9299 2 22019 -189.7700 392.5400
-6.9251700867e-01 1.0926476078e+00 -5.2951948502e+00
232 220 204
2 1 19532 -159.4600 634.9399 2 22158 -261.2600 498.5100
-6.0080362020e-01 1.2417851894e+00 -5.1650369067e+00
215 207 196
2 1 19617 -104.1600 736.8900 2 22219 -214.3900 592.6300
-5.6121706541e-01 1.3623808596e+00 -5.1607386006e+00
192 174 136
2 1 19676 -83.4000 809.3600 2 22274 -192.5200 659.8500
-2.0477040705e+00 -6.7999181748e-01 -3.7795745364e+00
198 177 178
2 2 35 -1351.1100 -674.5699 4 26 -1288.1500 -591.7300
-6.5727839470e-01 5.8111073803e-01 -4.0716395529e+00
55 54 60
2 2 39 -276.9399 266.6500 4 30 -213.4200 298.4900
-6.5727839470e-01 5.8111073803e-01 -4.0716395529e+00
55 54 60
2 2 40 -276.9399 266.6500 4 31 -213.4200 298.4900
-2.3909087576e-01 5.0470453283e-01 -4.1715069674e+00
203 192 161
2 2 49 10.4000 209.3900 4 37 82.8500 234.8101
-5.4065509722e-01 5.3243529195e-02 -4.2771551323e+00
198 189 179
3 2 88 -192.0900 -92.6100 4 52 -116.8800 -75.2000 3 135 -353.9500 407.3500
1.5560438294e+00 -5.1931744192e-01 -4.4611569296e+00
228 215 207
2 2 114 1126.0300 -440.8101 4 101 1314.5200 -496.8300
1.5317185303e+00 -5.1193649698e-01 -4.4771110868e+00
236 224 212
3 2 115 1106.2600 -434.5000 4 102 1293.5400 -489.6100 3 123 1076.9600 98.6300
-5.6662806465e-01 8.6328280507e-01 -5.2854803469e+00
234 223 194
2 2 194 -192.7700 374.2700 4 186 -44.7800 363.3900
1.4573998528e+00 -4.4940984372e-01 -4.5136386356e+00
233 221 209
2 2 243 1051.2100 -392.3800 4 161 1233.1899 -441.8300
6.9414577543e-02 -1.0304486347e+00 -3.9065411280e+00
199 185 172
2 2 442 239.9600 -880.8301 4 396 278.3199 -900.0300
6.9414577543e-02 -1.0304486347e+00 -3.9065411280e+00
199 185 172
2 2 443 239.9600 -880.8301 4 397 278.3199 -900.0300
4.4922039443e-02 -1.0327225551e+00 -3.8992178181e+00
186 178 162
3 2 690 223.8400 -883.7900 4 529 258.6899 -902.1799 3 595 175.7900 -385.0100
-6.4055335454e-01 1.1077519621e+00 -5.2378625962e+00
225 215 203
3 0 49 -358.6100 621.9700 4 40 -85.4399 501.8401 3 37 -447.9399 948.9199
2.0763153504e+00 -6.6459424399e-01 -4.1526326163e+00
222 207 194
2 0 83 1482.3999 -476.4301 3 79 1576.3701 28.0500
1.3044226866e+00 -4.4775533421e-01 -4.6084985004e+00
221 213 202
2 0 136 830.8301 -284.7800 3 125 890.6201 125.3800
-4.6682017376e-01 1.3103105598e+00 -5.1283066493e+00
222 210 188
3 0 168 -269.3500 752.5100 4 132 7.1500 627.0500 3 97 -354.9200 1099.6201
-7.8752161538e-01 -9.8247869788e-01 -3.8972429140e+00
54 42 30
3 0 171 -593.4301 -745.5100 4 139 -358.4100 -835.4399 3 105 -497.5800 -403.9100
2.0006620224e+00 -6.1588483700e-01 -4.1889629779e+00
190 176 167
2 0 185 1414.1499 -437.2100 3 120 1504.1499 58.3400
4.6752865688e-01 -5.4262115307e-01 -5.1765013394e+00
87 73 47
2 0 197 264.9301 -305.0100 3 267 284.8800 17.3600
-7.9091996527e-01 -1.0004722402e+00 -3.8735528995e+00
194 181 173
2 0 240 -600.0300 -763.7900 3 235 -500.2800 -421.7400
-8.0518443969e-01 -9.8836502092e-01 -3.9038563107e+00
164 152 140
3 0 243 -605.3700 -748.8600 4 195 -370.5300 -837.9600 3 156 -511.4500 -409.2700
9.9975854032e-01 -6.9592391151e-01 -4.8974171854e+00
83 71 55
3 0 260 599.5200 -415.6200 4 153 863.4199 -557.1200 3 173 648.4900 -49.5300
-5.2489688722e-01 1.4143892439e+00 -5.1127123166e+00
115 97 76
3 0 330 -302.1100 815.4399 4 261 -27.0900 687.7400 3 228 -395.8300 1165.8799
-5.1992040376e-01 1.4271667998e+00 -5.1001587963e+00
211 192 152
3 0 331 -300.6899 824.8599 4 381 -24.1500 696.6300 3 338 -393.8400 1177.1899
3.0852414856e-02 -1.0569160295e+00 -3.8624466403e+00
71 58 53
3 0 334 23.3300 -807.3300 4 267 247.2900 -928.5701 3 340 170.6899 -408.7800
1.8999595011e+00 -6.1119429133e-01 -4.2486922456e+00
234 220 212
2 0 367 1321.9399 -426.8199 3 375 1409.1101 55.0400
1.0166868517e+00 -6.8988672823e-01 -4.8849080409e+00
211 203 184
3 0 371 610.4299 -413.5400 4 290 876.2800 -554.5200 3 356 661.0701 -45.1400
-5.1169529026e-01 1.0834479111e+00 -5.4147320911e+00
207 172 145
3 0 476 -276.8700 589.5000 4 371 -5.6899 469.7200 3 324 -365.6300 904.4299
-5.2532800598e-01 1.3580486258e+00 -5.1375575959e+00
114 96 76
3 0 477 -301.1600 779.0601 4 373 -26.1100 652.5701 3 227 -392.5100 1125.0100
-4.9912134300e-01 1.4088039715e+00 -5.1222720683e+00
191 175 132
3 0 482 -286.6801 811.0701 4 378 -12.0800 682.8000 3 333 -379.5699 1160.7100
1.7602590435e+00 -9.0835180963e-01 -4.4257301770e+00
95 79 65
2 0 500 1173.7500 -606.2600 3 457 1264.6001 -156.3300
1.3708789590e+00 -4.3156955293e-01 -4.5797775967e+00
180 168 159
3 0 585 879.3999 -277.3800 4 447 1159.8701 -423.1801 3 525 938.7000 141.1600
-6.6020909594e-01 1.4160864445e+00 -5.2199547346e+00
204 191 175
2 0 695 -372.3600 799.7500 3 435 -475.1000 1138.2000
-4.9924889787e-01 1.4596078527e+00 -5.0991109236e+00
183 168 140
2 0 697 -288.2100 843.4299 3 741 -382.9399 1198.1799
1.5555766301e+00 -4.9013058490e-01 -4.4636848713e+00
233 223 213
2 0 792 1025.8301 -323.8600 3 514 1095.1499 114.9800
1.3866071558e+00 -4.4208644414e-01 -4.5612283301e+00
223 213 203
3 0 822 893.2900 -285.0000 4 568 1173.8401 -431.7900 3 665 954.8799 135.1400
1.3571493458e+00 -4.4464394727e-01 -4.5786763547e+00
196 188 177
3 0 824 869.9500 -285.0300 4 570 1150.3201 -431.4399 3 661 931.9600 131.0200
-5.9787364605e-01 1.1922590737e+00 -5.1867647133e+00
126 119 109
3 0 960 -339.0900 677.9299 4 516 -64.7000 553.0100 3 571 -427.2100 1010.8999
4.4086789617e-01 7.0619171196e-01 -4.7289802747e+00
229 212 184
2 0 1207 273.2500 438.4399 3 2683 260.9000 827.3999
-4.6548671610e-01 1.4031998405e+00 -5.0902708855e+00
170 161 148
2 0 1271 -269.2300 812.0900 3 739 -359.2800 1165.9399
-3.8633843546e-01 1.3960079226e+00 -5.1074143193e+00
236 212 186
2 1 71 21.5300 837.3901 3 51 -310.6600 1158.6299
1.9232356093e+00 -9.5673220665e-01 -4.3244464567e+00
78 60 38
2 1 113 1611.1399 -563.1700 4 88 1614.1399 -831.4500
5.7122669635e-01 -2.3115074748e-01 -5.0839285855e+00
227 221 209
2 1 121 588.9900 -95.6500 3 130 342.7400 209.3401
1.7944240772e+00 -5.8832010078e-01 -4.3017768686e+00
234 218 205
2 1 165 1538.9399 -330.7500 3 178 1314.9600 64.2300
1.7944240772e+00 -5.8832010078e-01 -4.3017768686e+00
234 218 205
2 1 166 1538.9399 -330.7500 3 179 1314.9600 64.2300
1.4549847047e+00 -4.4849360253e-01 -4.5143343386e+00
233 221 207
2 1 171 1249.8999 -233.5900 3 184 1012.3000 136.0100
-5.2997904081e-01 1.4799869962e+00 -5.1125936695e+00
205 183 144
2 1 192 -64.8900 886.2600 3 232 -402.3400 1206.9600
1.4347899973e+00 -4.3913731030e-01 -4.5323327231e+00
237 224 212
2 1 393 1231.4900 -227.0601 3 393 993.6299 140.6100
1.8150433122e+00 -5.6604115459e-01 -4.3132359809e+00
231 214 204
2 1 652 1545.7800 -315.2800 3 495 1324.1101 81.1700
1.4694180655e+00 -4.7233213197e-01 -4.5156019169e+00
232 220 208
2 1 1249 1258.3999 -248.1300 3 654 1022.5300 120.8600
-6.3822283721e-01 1.1017784876e+00 -5.2588370784e+00
226 218 207
2 2 64 -232.5100 506.4000 3 49 -445.2900 941.0601
1.8918783521e+00 -5.9910756841e-01 -4.2867318708e+00
188 174 166
2 2 344 1391.5400 -511.9200 4 285 1606.4600 -578.8800
1.4513744737e+00 -4.8153001239e-01 -4.5252940630e+00
240 228 216
2 2 551 1045.5601 -410.9301 3 389 1007.7200 113.7000
-7.5946367145e-01 -1.0043191019e+00 -3.8758109487e+00
182 173 158
2 2 691 -357.5800 -877.2700 3 452 -473.3900 -422.4200
1.8479174185e+00 -5.9692843033e-01 -4.3020987236e+00
233 219 208
2 2 904 1358.4399 -507.9700 4 539 1568.9099 -575.2000
-7.8506134366e-01 -1.0122203942e+00 -3.8699715258e+00
161 151 143
2 2 1202 -376.7300 -884.7600 3 591 -494.4000 -431.4700
1.0014528175e-01 -8.9997225337e-02 -4.2708101151e+00
158 151 142
2 2 1741 230.0699 -184.8700 3 555 121.7800 332.2700
1.6852125297e+00 -8.9171601795e-01 -4.4744690560e+00
90 71 56
2 4 198 1401.5601 -755.8500 3 246 1197.7300 -147.7400
1.3459311770e+00 -4.5268745198e-01 -4.5954062817e+00
233 221 209
2 4 310 1139.0701 -435.4399 3 392 919.9600 125.2300
-4.5116325541e-01 1.0629507002e+00 -5.3661704126e+00
218 189 156
2 4 368 23.4900 464.0601 3 429 -329.8199 902.5701
-5.5314150084e-01 1.3653163023e+00 -5.1527201627e+00
132 116 88
2 4 374 -40.7900 654.8000 3 329 -409.5900 1125.3101
9.8995577364e-01 -6.8294658467e-01 -4.8998553965e+00
190 178 162
2 4 417 857.3601 -548.4800 3 610 641.7400 -42.1300
6.2140765940e-01 -2.3143490669e-01 -5.0299026136e+00
174 166 155
2 4 472 620.4199 -259.1899 3 545 378.4500 213.8500
-4.9197218202e-01 1.0303979717e+00 -5.3137249596e+00
203 188 157
2 4 514 -1.5300 451.7700 3 569 -352.9399 891.9199
1.3582100842e+00 -4.3622369852e-01 -4.5745580477e+00
228 214 205
2 4 573 1151.0500 -425.6899 3 669 933.1201 136.7400
1.6593252049e+00 3.7062401116e-01 -4.0082381805e+00
251 231 191
2 4 635 1518.1001 135.3500 3 728 1282.9099 784.3900
-4.6517477442e-01 1.3998257099e+00 -5.0824409806e+00
147 136 112
2 4 654 4.8500 684.3301 3 738 -359.2800 1165.9399
